{"/mnt/c/Users/cecil/React/gif-expert-app/src/GifExpertApp.jsx": {"path":"/mnt/c/Users/cecil/React/gif-expert-app/src/GifExpertApp.jsx","statementMap":{"0":{"start":{"line":4,"column":28},"end":{"line":26,"column":1}},"1":{"start":{"line":5,"column":38},"end":{"line":5,"column":50}},"2":{"start":{"line":7,"column":24},"end":{"line":10,"column":3}},"3":{"start":{"line":8,"column":4},"end":{"line":8,"column":66}},"4":{"start":{"line":8,"column":58},"end":{"line":8,"column":66}},"5":{"start":{"line":9,"column":4},"end":{"line":9,"column":47}},"6":{"start":{"line":12,"column":2},"end":{"line":25,"column":3}},"7":{"start":{"line":18,"column":12},"end":{"line":21,"column":14}}},"fnMap":{"0":{"name":"(anonymous_0)","decl":{"start":{"line":4,"column":28},"end":{"line":4,"column":29}},"loc":{"start":{"line":4,"column":34},"end":{"line":26,"column":1}},"line":4},"1":{"name":"(anonymous_1)","decl":{"start":{"line":7,"column":24},"end":{"line":7,"column":25}},"loc":{"start":{"line":7,"column":43},"end":{"line":10,"column":3}},"line":7},"2":{"name":"(anonymous_2)","decl":{"start":{"line":17,"column":25},"end":{"line":17,"column":26}},"loc":{"start":{"line":18,"column":12},"end":{"line":21,"column":14}},"line":18}},"branchMap":{"0":{"loc":{"start":{"line":8,"column":4},"end":{"line":8,"column":66}},"type":"if","locations":[{"start":{"line":8,"column":4},"end":{"line":8,"column":66}},{"start":{},"end":{}}],"line":8}},"s":{"0":1,"1":3,"2":3,"3":1,"4":0,"5":1,"6":3,"7":1},"f":{"0":3,"1":1,"2":1},"b":{"0":[0,1]},"_coverageSchema":"1a1c01bbd47fc00a2c39e90264f33305004495a9","hash":"8626d279f6711811b8c8eb3a9ef90a6eeac1c75f"}
,"/mnt/c/Users/cecil/React/gif-expert-app/src/components/AddCategory.jsx": {"path":"/mnt/c/Users/cecil/React/gif-expert-app/src/components/AddCategory.jsx","statementMap":{"0":{"start":{"line":4,"column":27},"end":{"line":29,"column":1}},"1":{"start":{"line":6,"column":37},"end":{"line":6,"column":49}},"2":{"start":{"line":8,"column":23},"end":{"line":10,"column":2}},"3":{"start":{"line":9,"column":2},"end":{"line":9,"column":35}},"4":{"start":{"line":12,"column":21},"end":{"line":17,"column":2}},"5":{"start":{"line":13,"column":2},"end":{"line":13,"column":20}},"6":{"start":{"line":14,"column":2},"end":{"line":14,"column":44}},"7":{"start":{"line":14,"column":36},"end":{"line":14,"column":44}},"8":{"start":{"line":15,"column":2},"end":{"line":15,"column":34}},"9":{"start":{"line":16,"column":2},"end":{"line":16,"column":19}},"10":{"start":{"line":19,"column":1},"end":{"line":28,"column":2}},"11":{"start":{"line":31,"column":0},"end":{"line":33,"column":1}}},"fnMap":{"0":{"name":"(anonymous_0)","decl":{"start":{"line":4,"column":27},"end":{"line":4,"column":28}},"loc":{"start":{"line":4,"column":50},"end":{"line":29,"column":1}},"line":4},"1":{"name":"(anonymous_1)","decl":{"start":{"line":8,"column":23},"end":{"line":8,"column":24}},"loc":{"start":{"line":8,"column":34},"end":{"line":10,"column":2}},"line":8},"2":{"name":"(anonymous_2)","decl":{"start":{"line":12,"column":21},"end":{"line":12,"column":22}},"loc":{"start":{"line":12,"column":28},"end":{"line":17,"column":2}},"line":12}},"branchMap":{"0":{"loc":{"start":{"line":14,"column":2},"end":{"line":14,"column":44}},"type":"if","locations":[{"start":{"line":14,"column":2},"end":{"line":14,"column":44}},{"start":{},"end":{}}],"line":14}},"s":{"0":4,"1":10,"2":10,"3":3,"4":10,"5":3,"6":3,"7":1,"8":2,"9":2,"10":10,"11":4},"f":{"0":10,"1":3,"2":3},"b":{"0":[1,2]},"_coverageSchema":"1a1c01bbd47fc00a2c39e90264f33305004495a9","hash":"4ee0ecdb6af9c20fbd6b82bcc208ccaa23103050"}
,"/mnt/c/Users/cecil/React/gif-expert-app/src/components/GifGrid.jsx": {"path":"/mnt/c/Users/cecil/React/gif-expert-app/src/components/GifGrid.jsx","statementMap":{"0":{"start":{"line":5,"column":23},"end":{"line":25,"column":1}},"1":{"start":{"line":7,"column":31},"end":{"line":7,"column":55}},"2":{"start":{"line":9,"column":1},"end":{"line":24,"column":2}},"3":{"start":{"line":17,"column":5},"end":{"line":20,"column":7}},"4":{"start":{"line":27,"column":0},"end":{"line":29,"column":1}}},"fnMap":{"0":{"name":"(anonymous_0)","decl":{"start":{"line":5,"column":23},"end":{"line":5,"column":24}},"loc":{"start":{"line":5,"column":41},"end":{"line":25,"column":1}},"line":5},"1":{"name":"(anonymous_1)","decl":{"start":{"line":16,"column":17},"end":{"line":16,"column":18}},"loc":{"start":{"line":17,"column":5},"end":{"line":20,"column":7}},"line":17}},"branchMap":{"0":{"loc":{"start":{"line":13,"column":4},"end":{"line":13,"column":39}},"type":"binary-expr","locations":[{"start":{"line":13,"column":4},"end":{"line":13,"column":13}},{"start":{"line":13,"column":18},"end":{"line":13,"column":38}}],"line":13}},"s":{"0":3,"1":4,"2":4,"3":12,"4":3},"f":{"0":4,"1":12},"b":{"0":[4,3]},"_coverageSchema":"1a1c01bbd47fc00a2c39e90264f33305004495a9","hash":"5baee8f705ad6df6d68a2f6019262c8c5afac669"}
,"/mnt/c/Users/cecil/React/gif-expert-app/src/components/GifItem.jsx": {"path":"/mnt/c/Users/cecil/React/gif-expert-app/src/components/GifItem.jsx","statementMap":{"0":{"start":{"line":3,"column":23},"end":{"line":10,"column":1}},"1":{"start":{"line":4,"column":1},"end":{"line":9,"column":2}},"2":{"start":{"line":14,"column":0},"end":{"line":17,"column":1}}},"fnMap":{"0":{"name":"(anonymous_0)","decl":{"start":{"line":3,"column":23},"end":{"line":3,"column":24}},"loc":{"start":{"line":3,"column":42},"end":{"line":10,"column":1}},"line":3}},"branchMap":{},"s":{"0":3,"1":15,"2":3},"f":{"0":15},"b":{},"_coverageSchema":"1a1c01bbd47fc00a2c39e90264f33305004495a9","hash":"92209f53e7a84c5b2525cf1e804bf3d8e63fa0d1"}
,"/mnt/c/Users/cecil/React/gif-expert-app/src/components/index.js": {"path":"/mnt/c/Users/cecil/React/gif-expert-app/src/components/index.js","statementMap":{},"fnMap":{},"branchMap":{},"s":{},"f":{},"b":{},"_coverageSchema":"1a1c01bbd47fc00a2c39e90264f33305004495a9","hash":"487634d17d721b03714b0738583fb533d65e73f6"}
,"/mnt/c/Users/cecil/React/gif-expert-app/src/helpers/getGifs.js": {"path":"/mnt/c/Users/cecil/React/gif-expert-app/src/helpers/getGifs.js","statementMap":{"0":{"start":{"line":1,"column":23},"end":{"line":14,"column":1}},"1":{"start":{"line":2,"column":18},"end":{"line":2,"column":52}},"2":{"start":{"line":3,"column":14},"end":{"line":3,"column":94}},"3":{"start":{"line":4,"column":15},"end":{"line":4,"column":33}},"4":{"start":{"line":5,"column":19},"end":{"line":5,"column":36}},"5":{"start":{"line":7,"column":15},"end":{"line":11,"column":5}},"6":{"start":{"line":7,"column":32},"end":{"line":11,"column":3}},"7":{"start":{"line":13,"column":2},"end":{"line":13,"column":13}}},"fnMap":{"0":{"name":"(anonymous_0)","decl":{"start":{"line":1,"column":23},"end":{"line":1,"column":24}},"loc":{"start":{"line":1,"column":45},"end":{"line":14,"column":1}},"line":1},"1":{"name":"(anonymous_1)","decl":{"start":{"line":7,"column":24},"end":{"line":7,"column":25}},"loc":{"start":{"line":7,"column":32},"end":{"line":11,"column":3}},"line":7}},"branchMap":{},"s":{"0":5,"1":4,"2":4,"3":4,"4":4,"5":4,"6":40,"7":4},"f":{"0":4,"1":40},"b":{},"_coverageSchema":"1a1c01bbd47fc00a2c39e90264f33305004495a9","hash":"6016e4f01a8b1e1f96f8da77921a1f19d1df8406"}
,"/mnt/c/Users/cecil/React/gif-expert-app/src/hooks/useFetchGifs.js": {"path":"/mnt/c/Users/cecil/React/gif-expert-app/src/hooks/useFetchGifs.js","statementMap":{"0":{"start":{"line":4,"column":28},"end":{"line":20,"column":1}},"1":{"start":{"line":5,"column":30},"end":{"line":5,"column":42}},"2":{"start":{"line":6,"column":36},"end":{"line":6,"column":50}},"3":{"start":{"line":8,"column":1},"end":{"line":14,"column":7}},"4":{"start":{"line":9,"column":2},"end":{"line":13,"column":8}},"5":{"start":{"line":11,"column":6},"end":{"line":12,"column":25}},"6":{"start":{"line":16,"column":2},"end":{"line":19,"column":3}}},"fnMap":{"0":{"name":"(anonymous_0)","decl":{"start":{"line":4,"column":28},"end":{"line":4,"column":29}},"loc":{"start":{"line":4,"column":42},"end":{"line":20,"column":1}},"line":4},"1":{"name":"(anonymous_1)","decl":{"start":{"line":8,"column":11},"end":{"line":8,"column":12}},"loc":{"start":{"line":8,"column":17},"end":{"line":14,"column":2}},"line":8},"2":{"name":"(anonymous_2)","decl":{"start":{"line":10,"column":8},"end":{"line":10,"column":9}},"loc":{"start":{"line":11,"column":6},"end":{"line":12,"column":25}},"line":11}},"branchMap":{},"s":{"0":4,"1":5,"2":5,"3":5,"4":3,"5":3,"6":5},"f":{"0":5,"1":3,"2":3},"b":{},"_coverageSchema":"1a1c01bbd47fc00a2c39e90264f33305004495a9","hash":"00e2d0a44a3c81aec614b42457eac8286b9ea3d6"}
}
