TN:
SF:src/GifExpertApp.jsx
FN:4,(anonymous_0)
FN:7,(anonymous_1)
FN:17,(anonymous_2)
FNF:3
FNH:3
FNDA:3,(anonymous_0)
FNDA:1,(anonymous_1)
FNDA:1,(anonymous_2)
DA:4,1
DA:5,3
DA:7,3
DA:8,1
DA:9,1
DA:12,3
DA:18,1
LF:7
LH:7
BRDA:8,0,0,0
BRDA:8,0,1,1
BRF:2
BRH:1
end_of_record
TN:
SF:src/components/AddCategory.jsx
FN:4,(anonymous_0)
FN:8,(anonymous_1)
FN:12,(anonymous_2)
FNF:3
FNH:3
FNDA:10,(anonymous_0)
FNDA:3,(anonymous_1)
FNDA:3,(anonymous_2)
DA:4,4
DA:6,10
DA:8,10
DA:9,3
DA:12,10
DA:13,3
DA:14,3
DA:15,2
DA:16,2
DA:19,10
DA:31,4
LF:11
LH:11
BRDA:14,0,0,1
BRDA:14,0,1,2
BRF:2
BRH:2
end_of_record
TN:
SF:src/components/GifGrid.jsx
FN:5,(anonymous_0)
FN:16,(anonymous_1)
FNF:2
FNH:2
FNDA:4,(anonymous_0)
FNDA:12,(anonymous_1)
DA:5,3
DA:7,4
DA:9,4
DA:17,12
DA:27,3
LF:5
LH:5
BRDA:13,0,0,4
BRDA:13,0,1,3
BRF:2
BRH:2
end_of_record
TN:
SF:src/components/GifItem.jsx
FN:3,(anonymous_0)
FNF:1
FNH:1
FNDA:15,(anonymous_0)
DA:3,3
DA:4,15
DA:14,3
LF:3
LH:3
BRF:0
BRH:0
end_of_record
TN:
SF:src/components/index.js
FNF:0
FNH:0
LF:0
LH:0
BRF:0
BRH:0
end_of_record
TN:
SF:src/helpers/getGifs.js
FN:1,(anonymous_0)
FN:7,(anonymous_1)
FNF:2
FNH:2
FNDA:4,(anonymous_0)
FNDA:40,(anonymous_1)
DA:1,5
DA:2,4
DA:3,4
DA:4,4
DA:5,4
DA:7,40
DA:13,4
LF:7
LH:7
BRF:0
BRH:0
end_of_record
TN:
SF:src/hooks/useFetchGifs.js
FN:4,(anonymous_0)
FN:8,(anonymous_1)
FN:10,(anonymous_2)
FNF:3
FNH:3
FNDA:5,(anonymous_0)
FNDA:3,(anonymous_1)
FNDA:3,(anonymous_2)
DA:4,4
DA:5,5
DA:6,5
DA:8,5
DA:9,3
DA:11,3
DA:16,5
LF:7
LH:7
BRF:0
BRH:0
end_of_record
